Picked up JAVA_TOOL_OPTIONS: -Xss4m
WARNING: Runtime environment or build system does not support multi-release JARs. This will impact location-based features.
WARNING: COMPSs Properties file is null. Setting default values
/apps/GPP/PYTHON/3.12.1/INTEL/lib/python3.12/zipfile/__init__.py:1590: UserWarning: Duplicate name: 'dataset/inputs/GSA_OHT_Validation_D2_symm.yaml'
  return self._open_to_write(zinfo, force_zip64=force_zip64)
/apps/GPP/PYTHON/3.12.1/INTEL/lib/python3.12/zipfile/__init__.py:1590: UserWarning: Duplicate name: 'dataset/inputs/templates/OHT_Validation_D2_symm-tem.dom.dat'
  return self._open_to_write(zinfo, force_zip64=force_zip64)
/apps/GPP/PYTHON/3.12.1/INTEL/lib/python3.12/zipfile/__init__.py:1590: UserWarning: Duplicate name: 'dataset/inputs/templates/OHT_Validation_D2_symm-tem.sld.dat'
  return self._open_to_write(zinfo, force_zip64=force_zip64)
/apps/GPP/PYTHON/3.12.1/INTEL/lib/python3.12/zipfile/__init__.py:1590: UserWarning: Duplicate name: 'dataset/inputs/meshes/OHT_Validation_D2_symm/plot_f-d.p'
  return self._open_to_write(zinfo, force_zip64=force_zip64)
/apps/GPP/PYTHON/3.12.1/INTEL/lib/python3.12/zipfile/__init__.py:1590: UserWarning: Duplicate name: 'dataset/inputs/meshes/OHT_Validation_D2_symm/OHT_Validation_D2_symm.sld.dat'
  return self._open_to_write(zinfo, force_zip64=force_zip64)
/apps/GPP/PYTHON/3.12.1/INTEL/lib/python3.12/zipfile/__init__.py:1590: UserWarning: Duplicate name: 'dataset/inputs/meshes/OHT_Validation_D2_symm/OHT_Validation_D2_symm.ker.dat'
  return self._open_to_write(zinfo, force_zip64=force_zip64)
/apps/GPP/PYTHON/3.12.1/INTEL/lib/python3.12/zipfile/__init__.py:1590: UserWarning: Duplicate name: 'dataset/inputs/meshes/OHT_Validation_D2_symm/OHT_Validation_D2_symm.dom.dat'
  return self._open_to_write(zinfo, force_zip64=force_zip64)
/apps/GPP/PYTHON/3.12.1/INTEL/lib/python3.12/zipfile/__init__.py:1590: UserWarning: Duplicate name: 'dataset/inputs/meshes/OHT_Validation_D2_symm/runMN5.sh'
  return self._open_to_write(zinfo, force_zip64=force_zip64)
/apps/GPP/PYTHON/3.12.1/INTEL/lib/python3.12/zipfile/__init__.py:1590: UserWarning: Duplicate name: 'dataset/inputs/meshes/OHT_Validation_D2_symm/OHT_Validation_D2_symm.fie.dat'
  return self._open_to_write(zinfo, force_zip64=force_zip64)
/apps/GPP/PYTHON/3.12.1/INTEL/lib/python3.12/zipfile/__init__.py:1590: UserWarning: Duplicate name: 'dataset/inputs/meshes/OHT_Validation_D2_symm/OHT_Validation_D2_symm.dat'
  return self._open_to_write(zinfo, force_zip64=force_zip64)
/apps/GPP/PYTHON/3.12.1/INTEL/lib/python3.12/zipfile/__init__.py:1590: UserWarning: Duplicate name: 'dataset/inputs/meshes/OHT_Validation_D2_symm/OHT_Validation_D2_symm.post.alyadat'
  return self._open_to_write(zinfo, force_zip64=force_zip64)
/apps/GPP/PYTHON/3.12.1/INTEL/lib/python3.12/zipfile/__init__.py:1590: UserWarning: Duplicate name: 'dataset/inputs/meshes/OHT_Validation_D2_symm/msh/OHT_Validation_D2_symm.cha.dat'
  return self._open_to_write(zinfo, force_zip64=force_zip64)
/apps/GPP/PYTHON/3.12.1/INTEL/lib/python3.12/zipfile/__init__.py:1590: UserWarning: Duplicate name: 'dataset/inputs/meshes/OHT_Validation_D2_symm/msh/OHT_Validation_D2_symm.fix.dat'
  return self._open_to_write(zinfo, force_zip64=force_zip64)
/apps/GPP/PYTHON/3.12.1/INTEL/lib/python3.12/zipfile/__init__.py:1590: UserWarning: Duplicate name: 'dataset/inputs/meshes/OHT_Validation_D2_symm/msh/OHT_Validation_D2_symm.set.dat'
  return self._open_to_write(zinfo, force_zip64=force_zip64)
/apps/GPP/PYTHON/3.12.1/INTEL/lib/python3.12/zipfile/__init__.py:1590: UserWarning: Duplicate name: 'dataset/inputs/meshes/OHT_Validation_D2_symm/msh/OHT_Validation_D2_symm.npe.dat'
  return self._open_to_write(zinfo, force_zip64=force_zip64)
/apps/GPP/PYTHON/3.12.1/INTEL/lib/python3.12/zipfile/__init__.py:1590: UserWarning: Duplicate name: 'dataset/inputs/meshes/OHT_Validation_D2_symm/msh/OHT_Validation_D2_symm.ele.dat'
  return self._open_to_write(zinfo, force_zip64=force_zip64)
/apps/GPP/PYTHON/3.12.1/INTEL/lib/python3.12/zipfile/__init__.py:1590: UserWarning: Duplicate name: 'dataset/inputs/meshes/OHT_Validation_D2_symm/msh/OHT_Validation_D2_symm.coo.dat'
  return self._open_to_write(zinfo, force_zip64=force_zip64)
/apps/GPP/PYTHON/3.12.1/INTEL/lib/python3.12/zipfile/__init__.py:1590: UserWarning: Duplicate name: 'dataset/inputs/meshes/OHT_Validation_D2_symm/msh/OHT_Validation_D2_symm.mat.dat'
  return self._open_to_write(zinfo, force_zip64=force_zip64)
/apps/GPP/PYTHON/3.12.1/INTEL/lib/python3.12/zipfile/__init__.py:1590: UserWarning: Duplicate name: 'dataset/inputs/meshes/OHT_Validation_D2_symm/base/1p/experiment.txt'
  return self._open_to_write(zinfo, force_zip64=force_zip64)
/apps/GPP/PYTHON/3.12.1/INTEL/lib/python3.12/zipfile/__init__.py:1590: UserWarning: Duplicate name: 'dataset/inputs/meshes/OHT_Validation_D2_symm/base/1p/Abaqus-OHT_Validation_D2.txt'
  return self._open_to_write(zinfo, force_zip64=force_zip64)
/apps/GPP/PYTHON/3.12.1/INTEL/lib/python3.12/zipfile/__init__.py:1590: UserWarning: Duplicate name: 'dataset/inputs/meshes/OHT_Validation_D2_symm/base/1p/OHT_Validation_D2-reaction.sld.res'
  return self._open_to_write(zinfo, force_zip64=force_zip64)
/apps/GPP/PYTHON/3.12.1/INTEL/lib/python3.12/zipfile/__init__.py:1590: UserWarning: Duplicate name: 'dataset/results/xFile.npy'
  return self._open_to_write(zinfo, force_zip64=force_zip64)
/apps/GPP/PYTHON/3.12.1/INTEL/lib/python3.12/zipfile/__init__.py:1590: UserWarning: Duplicate name: 'dataset/results/results.txt'
  return self._open_to_write(zinfo, force_zip64=force_zip64)
/apps/GPP/PYTHON/3.12.1/INTEL/lib/python3.12/zipfile/__init__.py:1590: UserWarning: Duplicate name: 'dataset/results/result_array.npy'
  return self._open_to_write(zinfo, force_zip64=force_zip64)
/apps/GPP/PYTHON/3.12.1/INTEL/lib/python3.12/zipfile/__init__.py:1590: UserWarning: Duplicate name: 'dataset/results/dataSet_matrix.npy'
  return self._open_to_write(zinfo, force_zip64=force_zip64)
/apps/GPP/PYTHON/3.12.1/INTEL/lib/python3.12/zipfile/__init__.py:1590: UserWarning: Duplicate name: 'dataset/results/yFile.npy'
  return self._open_to_write(zinfo, force_zip64=force_zip64)
/apps/GPP/PYTHON/3.12.1/INTEL/lib/python3.12/zipfile/__init__.py:1590: UserWarning: Duplicate name: 'dataset/results/time'
  return self._open_to_write(zinfo, force_zip64=force_zip64)
/apps/GPP/PYTHON/3.12.1/INTEL/lib/python3.12/zipfile/__init__.py:1590: UserWarning: Duplicate name: 'dataset/results/alya_output.txt'
  return self._open_to_write(zinfo, force_zip64=force_zip64)
